2019-05-28T01:20:01+00:00 DEBUG 
====Stripe Version: 4.1.16====
====Start Log====
Error: Unable to verify domain - missing secret key.
====End Log====


2019-05-28T01:40:47+00:00 DEBUG 
====Stripe Version: 4.1.16====
====Start Log====
Error: Unable to verify domain - missing secret key.
====End Log====


2019-05-28T01:42:25+00:00 DEBUG 
====Stripe Version: 4.1.16====
====Start Log====
sources/src_1EeuKXHrexuexlEO8aXhE2Zn
====End Log====


2019-05-28T01:42:25+00:00 DEBUG 
====Stripe Version: 4.1.16====
====Start Log====
customers request: Array
(
    [email] => eric.m.mercado@gmail.com
    [description] => Name: eric mercado Username: wp_admin
    [metadata] => Array
        (
        )

)

====End Log====


2019-05-28T01:42:25+00:00 DEBUG 
====Stripe Version: 4.1.16====
====Start Log====
customers/cus_F9CkbZx8BFEb4m/sources request: Array
(
    [source] => src_1EeuKXHrexuexlEO8aXhE2Zn
)

====End Log====


2019-05-28T01:42:27+00:00 DEBUG 
====Stripe Version: 4.1.16====
====Start Log====
customers/cus_F9CkbZx8BFEb4m request: Array
(
    [default_source] => src_1EeuKXHrexuexlEO8aXhE2Zn
)

====End Log====


2019-05-28T01:42:27+00:00 DEBUG 
====Stripe Version: 4.1.16====
====Start Log====
Info: Begin processing payment for order 157 for the amount of 35.00
====End Log====


2019-05-28T01:42:27+00:00 DEBUG 
====Stripe Version: 4.1.16====
====Start Log====
charges request: Array
(
    [currency] => usd
    [amount] => 3500
    [description] => cbd-platas-fresno - Order 157
    [statement_descriptor] => STATEMENT DESCRIPTOR :
    [capture] => true
    [expand[]] => balance_transaction
    [metadata] => Array
        (
            [customer_name] => eric mercado
            [customer_email] => eric.m.mercado@gmail.com
            [order_id] => 157
        )

    [customer] => cus_F9CkbZx8BFEb4m
    [source] => src_1EeuKXHrexuexlEO8aXhE2Zn
)

====End Log====


2019-05-28T01:42:29+00:00 DEBUG 
====Stripe Version: 4.1.16====
====Start Log====
Processing response: stdClass Object
(
    [id] => ch_1EeuKdHrexuexlEOLb6Fop8o
    [object] => charge
    [amount] => 3500
    [amount_refunded] => 0
    [application] => 
    [application_fee] => 
    [application_fee_amount] => 
    [balance_transaction] => stdClass Object
        (
            [id] => txn_1EeuKeHrexuexlEORGouMe00
            [object] => balance_transaction
            [amount] => 3500
            [available_on] => 1559606400
            [created] => 1559007747
            [currency] => usd
            [description] => cbd-platas-fresno - Order 157
            [exchange_rate] => 
            [fee] => 132
            [fee_details] => Array
                (
                    [0] => stdClass Object
                        (
                            [amount] => 132
                            [application] => 
                            [currency] => usd
                            [description] => Stripe processing fees
                            [type] => stripe_fee
                        )

                )

            [net] => 3368
            [source] => ch_1EeuKdHrexuexlEOLb6Fop8o
            [status] => pending
            [type] => charge
        )

    [billing_details] => stdClass Object
        (
            [address] => stdClass Object
                (
                    [city] => sherman oaks
                    [country] => US
                    [line1] => 4824 hazeltine ave
                    [line2] => sherman oaks
                    [postal_code] => 91423
                    [state] => CA
                )

            [email] => eric.m.mercado@gmail.com
            [name] => eric mercado
            [phone] => 4242290348
        )

    [captured] => 1
    [created] => 1559007747
    [currency] => usd
    [customer] => cus_F9CkbZx8BFEb4m
    [description] => cbd-platas-fresno - Order 157
    [destination] => 
    [dispute] => 
    [failure_code] => 
    [failure_message] => 
    [fraud_details] => stdClass Object
        (
        )

    [invoice] => 
    [livemode] => 
    [metadata] => stdClass Object
        (
            [customer_name] => eric mercado
            [customer_email] => eric.m.mercado@gmail.com
            [order_id] => 157
        )

    [on_behalf_of] => 
    [order] => 
    [outcome] => stdClass Object
        (
            [network_status] => approved_by_network
            [reason] => 
            [risk_level] => normal
            [risk_score] => 54
            [seller_message] => Payment complete.
            [type] => authorized
        )

    [paid] => 1
    [payment_intent] => 
    [payment_method] => src_1EeuKXHrexuexlEO8aXhE2Zn
    [payment_method_details] => stdClass Object
        (
            [card] => stdClass Object
                (
                    [brand] => visa
                    [checks] => stdClass Object
                        (
                            [address_line1_check] => pass
                            [address_postal_code_check] => pass
                            [cvc_check] => pass
                        )

                    [country] => US
                    [description] => Visa Classic
                    [exp_month] => 1
                    [exp_year] => 2020
                    [fingerprint] => D2BezvioI8TeMDvg
                    [funding] => credit
                    [last4] => 4242
                    [three_d_secure] => 
                    [wallet] => 
                )

            [type] => card
        )

    [receipt_email] => 
    [receipt_number] => 
    [receipt_url] => https://pay.stripe.com/receipts/acct_1EetSJHrexuexlEO/ch_1EeuKdHrexuexlEOLb6Fop8o/rcpt_F9Ckw2SNicf2EFwRX9lLcoMXJcYcA6v
    [refunded] => 
    [refunds] => stdClass Object
        (
            [object] => list
            [data] => Array
                (
                )

            [has_more] => 
            [total_count] => 0
            [url] => /v1/charges/ch_1EeuKdHrexuexlEOLb6Fop8o/refunds
        )

    [review] => 
    [shipping] => 
    [source] => stdClass Object
        (
            [id] => src_1EeuKXHrexuexlEO8aXhE2Zn
            [object] => source
            [amount] => 
            [card] => stdClass Object
                (
                    [exp_month] => 1
                    [exp_year] => 2020
                    [last4] => 4242
                    [country] => US
                    [brand] => Visa
                    [address_line1_check] => pass
                    [address_zip_check] => pass
                    [cvc_check] => pass
                    [funding] => credit
                    [fingerprint] => D2BezvioI8TeMDvg
                    [three_d_secure] => optional
                    [name] => 
                    [tokenization_method] => 
                    [dynamic_last4] => 
                )

            [client_secret] => src_client_secret_F9CksM3IbX3Dneb6voiKlntO
            [created] => 1559007748
            [currency] => 
            [customer] => cus_F9CkbZx8BFEb4m
            [flow] => none
            [livemode] => 
            [metadata] => stdClass Object
                (
                )

            [owner] => stdClass Object
                (
                    [address] => stdClass Object
                        (
                            [city] => sherman oaks
                            [country] => US
                            [line1] => 4824 hazeltine ave
                            [line2] => sherman oaks
                            [postal_code] => 91423
                            [state] => CA
                        )

                    [email] => eric.m.mercado@gmail.com
                    [name] => eric mercado
                    [phone] => 4242290348
                    [verified_address] => 
                    [verified_email] => 
                    [verified_name] => 
                    [verified_phone] => 
                )

            [statement_descriptor] => 
            [status] => chargeable
            [type] => card
            [usage] => reusable
        )

    [source_transfer] => 
    [statement_descriptor] => STATEMENT DESCRIPTOR :
    [status] => succeeded
    [transfer_data] => 
    [transfer_group] => 
)

====End Log====


2019-05-28T01:44:20+00:00 DEBUG 
====Stripe Version: 4.1.16====
====Start Log====
customers/cus_F9CkbZx8BFEb4m/sources request: Array
(
    [limit] => 100
)

====End Log====


2019-05-28T01:44:24+00:00 DEBUG 
====Stripe Version: 4.1.16====
====Start Log====
customers/cus_F9CkbZx8BFEb4m/sources request: Array
(
    [limit] => 100
)

====End Log====


